<?xml version="1.0" encoding="UTF-8"?>
<testsuite xmlns:xsi="http://www.w3.org/2001/XMLSchema-instance" xsi:noNamespaceSchemaLocation="https://maven.apache.org/surefire/maven-surefire-plugin/xsd/surefire-test-report-3.0.xsd" version="3.0" name="br.com.erudio.integrationtests.controller.withjson.AuthControllerJsonTest" time="37.692" tests="2" errors="0" skipped="0" failures="0">
  <properties>
[...]
</properties>
  <testcase name="testLogin" classname="br.com.erudio.integrationtests.controller.withjson.AuthControllerJsonTest" time="2.12">
    <system-out><![CDATA[23:27:00.934 [main] INFO org.springframework.test.context.support.AnnotationConfigContextLoaderUtils -- Could not detect default configuration classes for test class [br.com.erudio.integrationtests.testcontainers.AbstractIntegrationTest]: AbstractIntegrationTest does not declare any static, non-private, non-final, nested classes annotated with @Configuration.
23:27:01.030 [main] INFO org.springframework.boot.test.context.SpringBootTestContextBootstrapper -- Found @SpringBootConfiguration br.com.erudio.Startup for test class br.com.erudio.integrationtests.controller.withjson.AuthControllerJsonTest
23:27:01.475 [main] INFO org.springframework.boot.devtools.restart.RestartApplicationListener -- Restart disabled due to context in which it is running

  .   ____          _            __ _ _
 /\\ / ___'_ __ _ _(_)_ __  __ _ \ \ \ \
( ( )\___ | '_ | '_| | '_ \/ _` | \ \ \ \
 \\/  ___)| |_)| | | | | || (_| |  ) ) ) )
  '  |____| .__|_| |_|_| |_\__, | / / / /
 =========|_|==============|___/=/_/_/_/
 :: Spring Boot ::                (v3.2.0)

2024-01-20T23:27:01.800-03:00  INFO 109332 --- [ers-lifecycle-0] o.t.d.DockerClientProviderStrategy       : Loaded org.testcontainers.dockerclient.NpipeSocketClientProviderStrategy from ~/.testcontainers.properties, will try it first
2024-01-20T23:27:02.266-03:00  INFO 109332 --- [ers-lifecycle-0] o.t.d.DockerClientProviderStrategy       : Found Docker environment with local Npipe socket (npipe:////./pipe/docker_engine)
2024-01-20T23:27:02.267-03:00  INFO 109332 --- [ers-lifecycle-0] org.testcontainers.DockerClientFactory   : Docker host IP address is localhost
2024-01-20T23:27:02.290-03:00  INFO 109332 --- [ers-lifecycle-0] org.testcontainers.DockerClientFactory   : Connected to docker: 
  Server Version: 24.0.7
  API Version: 1.43
  Operating System: Docker Desktop
  Total Memory: 25585 MB
2024-01-20T23:27:02.293-03:00  INFO 109332 --- [ers-lifecycle-0] o.t.utility.ImageNameSubstitutor         : Image name substitution will be performed by: DefaultImageNameSubstitutor (composite of 'ConfigurationFileImageNameSubstitutor' and 'PrefixingImageNameSubstitutor')
2024-01-20T23:27:03.023-03:00  INFO 109332 --- [ers-lifecycle-0] org.testcontainers.DockerClientFactory   : Ryuk started - will monitor and terminate Testcontainers containers on JVM exit
2024-01-20T23:27:03.024-03:00  INFO 109332 --- [ers-lifecycle-0] org.testcontainers.DockerClientFactory   : Checking the system...
2024-01-20T23:27:03.025-03:00  INFO 109332 --- [ers-lifecycle-0] org.testcontainers.DockerClientFactory   : ✔︎ Docker server version should be at least 1.6.0
2024-01-20T23:27:03.100-03:00  INFO 109332 --- [ers-lifecycle-0] org.testcontainers.DockerClientFactory   : ✔︎ Docker environment should have more than 2GB free disk space
2024-01-20T23:27:03.114-03:00  INFO 109332 --- [ers-lifecycle-0] 🐳 [mysql:8.0.28]                        : Creating container for image: mysql:8.0.28
2024-01-20T23:27:03.542-03:00  INFO 109332 --- [ers-lifecycle-0] 🐳 [mysql:8.0.28]                        : Container mysql:8.0.28 is starting: fb6d95523d81f427d102f6bf0e20742217eb9091c579845b0000d525aa9a1dc2
2024-01-20T23:27:03.931-03:00  INFO 109332 --- [ers-lifecycle-0] 🐳 [mysql:8.0.28]                        : Waiting for database connection to become available at jdbc:mysql://localhost:60548/test using query 'SELECT 1'
2024-01-20T23:27:29.276-03:00  INFO 109332 --- [ers-lifecycle-0] 🐳 [mysql:8.0.28]                        : Container is started (JDBC URL: jdbc:mysql://localhost:60548/test)
2024-01-20T23:27:29.276-03:00  INFO 109332 --- [ers-lifecycle-0] 🐳 [mysql:8.0.28]                        : Container mysql:8.0.28 started in PT26.173858S
2024-01-20T23:27:29.278-03:00  INFO 109332 --- [           main] b.c.e.i.c.w.AuthControllerJsonTest       : Starting AuthControllerJsonTest using Java 21.0.1 with PID 109332 (started by leand in D:\Code\DockerFromZeroToMastery-Kotlin-Playground\02-AfterDockerization\app)
2024-01-20T23:27:29.279-03:00  INFO 109332 --- [           main] b.c.e.i.c.w.AuthControllerJsonTest       : No active profile set, falling back to 1 default profile: "default"
2024-01-20T23:27:30.209-03:00  INFO 109332 --- [           main] .s.d.r.c.RepositoryConfigurationDelegate : Bootstrapping Spring Data JPA repositories in DEFAULT mode.
2024-01-20T23:27:30.265-03:00  INFO 109332 --- [           main] .s.d.r.c.RepositoryConfigurationDelegate : Finished Spring Data repository scanning in 49 ms. Found 3 JPA repository interfaces.
2024-01-20T23:27:30.933-03:00  INFO 109332 --- [           main] o.s.b.w.embedded.tomcat.TomcatWebServer  : Tomcat initialized with port 8888 (http)
2024-01-20T23:27:30.940-03:00  INFO 109332 --- [           main] o.apache.catalina.core.StandardService   : Starting service [Tomcat]
2024-01-20T23:27:30.940-03:00  INFO 109332 --- [           main] o.apache.catalina.core.StandardEngine    : Starting Servlet engine: [Apache Tomcat/10.1.16]
2024-01-20T23:27:30.999-03:00  INFO 109332 --- [           main] o.a.c.c.C.[Tomcat].[localhost].[/]       : Initializing Spring embedded WebApplicationContext
2024-01-20T23:27:31.000-03:00  INFO 109332 --- [           main] w.s.c.ServletWebServerApplicationContext : Root WebApplicationContext: initialization completed in 1557 ms
2024-01-20T23:27:31.099-03:00  INFO 109332 --- [           main] com.zaxxer.hikari.HikariDataSource       : HikariPool-1 - Starting...
2024-01-20T23:27:31.277-03:00  INFO 109332 --- [           main] com.zaxxer.hikari.pool.HikariPool        : HikariPool-1 - Added connection com.mysql.cj.jdbc.ConnectionImpl@5ced0537
2024-01-20T23:27:31.279-03:00  INFO 109332 --- [           main] com.zaxxer.hikari.HikariDataSource       : HikariPool-1 - Start completed.
2024-01-20T23:27:31.359-03:00  INFO 109332 --- [           main] o.f.c.internal.license.VersionPrinter    : Flyway Community Edition 9.22.3 by Redgate
2024-01-20T23:27:31.359-03:00  INFO 109332 --- [           main] o.f.c.internal.license.VersionPrinter    : See release notes here: https://rd.gt/416ObMi
2024-01-20T23:27:31.359-03:00  INFO 109332 --- [           main] o.f.c.internal.license.VersionPrinter    : 
2024-01-20T23:27:31.381-03:00  INFO 109332 --- [           main] org.flywaydb.core.FlywayExecutor         : Database: jdbc:mysql://localhost:60548/test (MySQL 8.0)
2024-01-20T23:27:31.458-03:00  INFO 109332 --- [           main] o.f.c.i.s.JdbcTableSchemaHistory         : Schema history table `test`.`flyway_schema_history` does not exist yet
2024-01-20T23:27:31.463-03:00  INFO 109332 --- [           main] o.f.core.internal.command.DbValidate     : Successfully validated 12 migrations (execution time 00:00.038s)
2024-01-20T23:27:31.489-03:00  INFO 109332 --- [           main] o.f.c.i.s.JdbcTableSchemaHistory         : Creating Schema History table `test`.`flyway_schema_history` ...
2024-01-20T23:27:31.597-03:00  INFO 109332 --- [           main] o.f.core.internal.command.DbMigrate      : Current version of schema `test`: << Empty Schema >>
2024-01-20T23:27:31.606-03:00  INFO 109332 --- [           main] o.f.core.internal.command.DbMigrate      : Migrating schema `test` to version "1 - Create Table Person"
2024-01-20T23:27:31.654-03:00  WARN 109332 --- [           main] o.f.c.i.s.DefaultSqlScriptExecutor       : DB: Integer display width is deprecated and will be removed in a future release. (SQL State: HY000 - Error Code: 1681)
2024-01-20T23:27:31.698-03:00  INFO 109332 --- [           main] o.f.core.internal.command.DbMigrate      : Migrating schema `test` to version "2 - Populate Table Person"
2024-01-20T23:27:31.733-03:00  INFO 109332 --- [           main] o.f.core.internal.command.DbMigrate      : Migrating schema `test` to version "3 - Create Table Books"
2024-01-20T23:27:31.811-03:00  WARN 109332 --- [           main] o.f.c.i.s.DefaultSqlScriptExecutor       : DB: Integer display width is deprecated and will be removed in a future release. (SQL State: HY000 - Error Code: 1681)
2024-01-20T23:27:31.851-03:00  INFO 109332 --- [           main] o.f.core.internal.command.DbMigrate      : Migrating schema `test` to version "4 - Insert Data In Books"
2024-01-20T23:27:31.897-03:00  INFO 109332 --- [           main] o.f.core.internal.command.DbMigrate      : Migrating schema `test` to version "5 - Create Table Permission"
2024-01-20T23:27:31.942-03:00  WARN 109332 --- [           main] o.f.c.i.s.DefaultSqlScriptExecutor       : DB: Integer display width is deprecated and will be removed in a future release. (SQL State: HY000 - Error Code: 1681)
2024-01-20T23:27:31.975-03:00  INFO 109332 --- [           main] o.f.core.internal.command.DbMigrate      : Migrating schema `test` to version "6 - Insert Data In Permission"
2024-01-20T23:27:32.009-03:00  INFO 109332 --- [           main] o.f.core.internal.command.DbMigrate      : Migrating schema `test` to version "7 - Create Table Users"
2024-01-20T23:27:32.063-03:00  WARN 109332 --- [           main] o.f.c.i.s.DefaultSqlScriptExecutor       : DB: Integer display width is deprecated and will be removed in a future release. (SQL State: HY000 - Error Code: 1681)
2024-01-20T23:27:32.094-03:00  INFO 109332 --- [           main] o.f.core.internal.command.DbMigrate      : Migrating schema `test` to version "8 - Insert Data In Users"
2024-01-20T23:27:32.137-03:00  INFO 109332 --- [           main] o.f.core.internal.command.DbMigrate      : Migrating schema `test` to version "9 - Create Table User Permission"
2024-01-20T23:27:32.190-03:00  WARN 109332 --- [           main] o.f.c.i.s.DefaultSqlScriptExecutor       : DB: Integer display width is deprecated and will be removed in a future release. (SQL State: HY000 - Error Code: 1681)
2024-01-20T23:27:32.191-03:00  WARN 109332 --- [           main] o.f.c.i.s.DefaultSqlScriptExecutor       : DB: Integer display width is deprecated and will be removed in a future release. (SQL State: HY000 - Error Code: 1681)
2024-01-20T23:27:32.224-03:00  INFO 109332 --- [           main] o.f.core.internal.command.DbMigrate      : Migrating schema `test` to version "10 - Insert Data In User Permission"
2024-01-20T23:27:32.260-03:00  INFO 109332 --- [           main] o.f.core.internal.command.DbMigrate      : Migrating schema `test` to version "11 - Alter Table Person"
2024-01-20T23:27:32.402-03:00  INFO 109332 --- [           main] o.f.core.internal.command.DbMigrate      : Migrating schema `test` to version "12 - Populate Person With Many"
2024-01-20T23:27:32.473-03:00  INFO 109332 --- [           main] o.f.core.internal.command.DbMigrate      : Successfully applied 12 migrations to schema `test`, now at version v12 (execution time 00:00.464s)
2024-01-20T23:27:32.563-03:00  INFO 109332 --- [           main] o.hibernate.jpa.internal.util.LogHelper  : HHH000204: Processing PersistenceUnitInfo [name: default]
2024-01-20T23:27:32.620-03:00  INFO 109332 --- [           main] org.hibernate.Version                    : HHH000412: Hibernate ORM core version 6.3.1.Final
2024-01-20T23:27:32.648-03:00  INFO 109332 --- [           main] o.h.c.internal.RegionFactoryInitiator    : HHH000026: Second-level cache disabled
2024-01-20T23:27:32.858-03:00  INFO 109332 --- [           main] o.s.o.j.p.SpringPersistenceUnitInfo      : No LoadTimeWeaver setup: ignoring JPA class transformer
2024-01-20T23:27:33.571-03:00  INFO 109332 --- [           main] o.h.e.t.j.p.i.JtaPlatformInitiator       : HHH000489: No JTA platform available (set 'hibernate.transaction.jta.platform' to enable JTA platform integration)
2024-01-20T23:27:33.574-03:00  INFO 109332 --- [           main] j.LocalContainerEntityManagerFactoryBean : Initialized JPA EntityManagerFactory for persistence unit 'default'
2024-01-20T23:27:33.988-03:00  INFO 109332 --- [           main] o.s.d.j.r.query.QueryEnhancerFactory     : Hibernate is in classpath; If applicable, HQL parser will be used.
2024-01-20T23:27:35.740-03:00  INFO 109332 --- [           main] o.s.s.web.DefaultSecurityFilterChain     : Will secure any request with [org.springframework.security.web.session.DisableEncodeUrlFilter@33ed34a9, org.springframework.security.web.context.request.async.WebAsyncManagerIntegrationFilter@2f7c96b1, org.springframework.security.web.context.SecurityContextHolderFilter@4cbb217e, org.springframework.security.web.header.HeaderWriterFilter@515576b0, org.springframework.web.filter.CorsFilter@11314183, org.springframework.security.web.authentication.logout.LogoutFilter@d9420bf, br.com.erudio.security.jwt.JwtTokenFilter@d9c54e6, org.springframework.security.web.savedrequest.RequestCacheAwareFilter@5ce0b14f, org.springframework.security.web.servletapi.SecurityContextHolderAwareRequestFilter@301d1d3c, org.springframework.security.web.authentication.AnonymousAuthenticationFilter@570e6180, org.springframework.security.web.session.SessionManagementFilter@51c7dfd, org.springframework.security.web.access.ExceptionTranslationFilter@7145469, org.springframework.security.web.access.intercept.AuthorizationFilter@2247d95c]
2024-01-20T23:27:36.202-03:00  INFO 109332 --- [           main] o.s.b.w.embedded.tomcat.TomcatWebServer  : Tomcat started on port 8888 (http) with context path ''
2024-01-20T23:27:36.208-03:00  INFO 109332 --- [           main] b.c.e.i.c.w.AuthControllerJsonTest       : Started AuthControllerJsonTest in 34.743 seconds (process running for 36.146)
2024-01-20T23:27:37.595-03:00  INFO 109332 --- [nio-8888-exec-1] o.a.c.c.C.[Tomcat].[localhost].[/]       : Initializing Spring DispatcherServlet 'dispatcherServlet'
2024-01-20T23:27:37.595-03:00  INFO 109332 --- [nio-8888-exec-1] o.s.web.servlet.DispatcherServlet        : Initializing Servlet 'dispatcherServlet'
2024-01-20T23:27:37.596-03:00  INFO 109332 --- [nio-8888-exec-1] o.s.web.servlet.DispatcherServlet        : Completed initialization in 1 ms
2024-01-20T23:27:37.606-03:00  WARN 109332 --- [nio-8888-exec-1] o.s.w.s.h.HandlerMappingIntrospector     : Cache miss for REQUEST dispatch to '/auth/signin' (previous null). Performing CorsConfiguration lookup. This is logged once only at WARN level, and every time at TRACE.
2024-01-20T23:27:37.615-03:00  WARN 109332 --- [nio-8888-exec-1] o.s.w.s.h.HandlerMappingIntrospector     : Cache miss for REQUEST dispatch to '/auth/signin' (previous null). Performing MatchableHandlerMapping lookup. This is logged once only at WARN level, and every time at TRACE.
2024-01-20T23:27:37.675-03:00  INFO 109332 --- [nio-8888-exec-1] br.com.erudio.services.AuthService       : Trying log user leandro
2024-01-20T23:27:37.848-03:00  INFO 109332 --- [nio-8888-exec-1] br.com.erudio.services.UserService       : Finding one User by Username leandro!
]]></system-out>
    <system-err><![CDATA[WARNING: A Java agent has been loaded dynamically (C:\Users\leand\.m2\repository\net\bytebuddy\byte-buddy-agent\1.14.10\byte-buddy-agent-1.14.10.jar)
WARNING: If a serviceability tool is in use, please run with -XX:+EnableDynamicAgentLoading to hide this warning
WARNING: If a serviceability tool is not in use, please run with -Djdk.instrument.traceUsage for more information
WARNING: Dynamic loading of agents will be disallowed by default in a future release
]]></system-err>
  </testcase>
  <testcase name="testRefreshToken" classname="br.com.erudio.integrationtests.controller.withjson.AuthControllerJsonTest" time="0.076">
    <system-out><![CDATA[2024-01-20T23:27:38.392-03:00  INFO 109332 --- [nio-8888-exec-2] br.com.erudio.services.UserService       : Finding one User by Username leandro!
2024-01-20T23:27:38.405-03:00  INFO 109332 --- [nio-8888-exec-2] br.com.erudio.services.AuthService       : Trying get refresh token to user leandro
]]></system-out>
  </testcase>
</testsuite>