<?xml version="1.0" encoding="UTF-8"?>
<testsuite xmlns:xsi="http://www.w3.org/2001/XMLSchema-instance" xsi:noNamespaceSchemaLocation="https://maven.apache.org/surefire/maven-surefire-plugin/xsd/surefire-test-report-3.0.xsd" version="3.0" name="br.com.erudio.integrationtests.controller.withxml.AuthControllerXmlTest" time="0.382" tests="2" errors="0" skipped="0" failures="0">
  <properties>
[...]
</properties>
  <testcase name="testLogin" classname="br.com.erudio.integrationtests.controller.withxml.AuthControllerXmlTest" time="0.338">
    <system-out><![CDATA[2024-01-20T23:27:40.078-03:00  INFO 109332 --- [           main] t.c.s.AnnotationConfigContextLoaderUtils : Could not detect default configuration classes for test class [br.com.erudio.integrationtests.testcontainers.AbstractIntegrationTest]: AbstractIntegrationTest does not declare any static, non-private, non-final, nested classes annotated with @Configuration.
2024-01-20T23:27:40.089-03:00  INFO 109332 --- [           main] .b.t.c.SpringBootTestContextBootstrapper : Found @SpringBootConfiguration br.com.erudio.Startup for test class br.com.erudio.integrationtests.controller.withxml.AuthControllerXmlTest
2024-01-20T23:27:40.278-03:00  INFO 109332 --- [nio-8888-exec-4] br.com.erudio.services.AuthService       : Trying log user leandro
2024-01-20T23:27:40.278-03:00  INFO 109332 --- [nio-8888-exec-4] br.com.erudio.services.UserService       : Finding one User by Username leandro!
]]></system-out>
  </testcase>
  <testcase name="testRefreshToken" classname="br.com.erudio.integrationtests.controller.withxml.AuthControllerXmlTest" time="0.029">
    <system-out><![CDATA[2024-01-20T23:27:40.439-03:00  INFO 109332 --- [nio-8888-exec-6] br.com.erudio.services.UserService       : Finding one User by Username leandro!
2024-01-20T23:27:40.445-03:00  INFO 109332 --- [nio-8888-exec-6] br.com.erudio.services.AuthService       : Trying get refresh token to user leandro
]]></system-out>
  </testcase>
</testsuite>